[debug] [2025-09-22T14:03:46.788Z] ----------------------------------------------------------------------
[debug] [2025-09-22T14:03:46.792Z] Command:       C:\Program Files\nodejs\node.exe C:\Users\dmqp2\AppData\Roaming\npm\node_modules\firebase-tools\lib\bin\firebase.js init
[debug] [2025-09-22T14:03:46.793Z] CLI Version:   14.17.0
[debug] [2025-09-22T14:03:46.793Z] Platform:      win32
[debug] [2025-09-22T14:03:46.793Z] Node Version:  v22.19.0
[debug] [2025-09-22T14:03:46.793Z] Time:          Mon Sep 22 2025 08:03:46 GMT-0600 (hora estándar central)
[debug] [2025-09-22T14:03:46.793Z] ----------------------------------------------------------------------
[debug] 
[debug] [2025-09-22T14:03:46.801Z] > command requires scopes: ["email","openid","https://www.googleapis.com/auth/cloudplatformprojects.readonly","https://www.googleapis.com/auth/firebase","https://www.googleapis.com/auth/cloud-platform"]
[debug] [2025-09-22T14:03:46.801Z] > authorizing via signed-in user (crafterblackt14@gmail.com)
[info] 
     ######## #### ########  ######## ########     ###     ######  ########
     ##        ##  ##     ## ##       ##     ##  ##   ##  ##       ##
     ######    ##  ########  ######   ########  #########  ######  ######
     ##        ##  ##    ##  ##       ##     ## ##     ##       ## ##
     ##       #### ##     ## ######## ########  ##     ##  ######  ########

You're about to initialize a Firebase project in this directory:

  C:\Users\dmqp2\OneDrive\Documentos\ARCADIA-V5

[info] 
=== Project Setup
[info] 
[info] First, let's associate this project directory with a Firebase project.
[info] You can create multiple project aliases by running firebase use --add, 
[info] but for now we'll just set up a default project.
[info] 
[debug] [2025-09-22T14:04:16.390Z] Checked if tokens are valid: true, expires at: 1758553405184
[debug] [2025-09-22T14:04:16.390Z] Checked if tokens are valid: true, expires at: 1758553405184
[debug] [2025-09-22T14:04:16.392Z] >>> [apiv2][query] GET https://firebase.googleapis.com/v1beta1/projects pageSize=100
[debug] [2025-09-22T14:04:17.290Z] <<< [apiv2][status] GET https://firebase.googleapis.com/v1beta1/projects 200
[debug] [2025-09-22T14:04:17.291Z] <<< [apiv2][body] GET https://firebase.googleapis.com/v1beta1/projects [omitted]
[info] i  Using project arcadia-113f5 (Arcadia) 
[info] 
=== Hosting Setup
[debug] [2025-09-22T14:04:34.086Z] Checked if tokens are valid: true, expires at: 1758553405184
[debug] [2025-09-22T14:04:34.086Z] Checked if tokens are valid: true, expires at: 1758553405184
[debug] [2025-09-22T14:04:34.086Z] >>> [apiv2][query] GET https://firebase.googleapis.com/v1beta1/projects/arcadia-113f5 [none]
[debug] [2025-09-22T14:04:35.123Z] <<< [apiv2][status] GET https://firebase.googleapis.com/v1beta1/projects/arcadia-113f5 200
[debug] [2025-09-22T14:04:35.123Z] <<< [apiv2][body] GET https://firebase.googleapis.com/v1beta1/projects/arcadia-113f5 {"projectId":"arcadia-113f5","projectNumber":"361765024312","displayName":"Arcadia","name":"projects/arcadia-113f5","resources":{"hostingSite":"arcadia-113f5"},"state":"ACTIVE","etag":"1_700ce855-3728-45a9-aee9-becaa3bc4888"}
[info] 
[info] Your public directory is the folder (relative to your project directory) that
[info] will contain Hosting assets to be uploaded with firebase deploy. If you
[info] have a build process for your assets, use your build's output directory.
[info] 
[debug] [2025-09-22T14:05:11.836Z] >>> [apiv2][query] GET https://www.gstatic.com/firebasejs/releases.json [none]
[debug] [2025-09-22T14:05:12.589Z] <<< [apiv2][status] GET https://www.gstatic.com/firebasejs/releases.json 200
[debug] [2025-09-22T14:05:12.589Z] <<< [apiv2][body] GET https://www.gstatic.com/firebasejs/releases.json {"current":{"version":"12.3.0","browserURL":"https://www.gstatic.com/firebasejs/12.3.0/firebase.js","packageURL":"https://www.gstatic.com/firebasejs/12.3.0/firebase.tgz"},"live":{"version":"12.3","browserURL":"https://www.gstatic.com/firebasejs/live/12.3/firebase.js","packageURL":"https://www.gstatic.com/firebasejs/live/12.3/firebase.tgz"},"components":{"ai":"https://www.gstatic.com/firebasejs/12.3.0/firebase-ai.js","analytics":"https://www.gstatic.com/firebasejs/12.3.0/firebase-analytics.js","app":"https://www.gstatic.com/firebasejs/12.3.0/firebase-app.js","app-check":"https://www.gstatic.com/firebasejs/12.3.0/firebase-app-check.js","auth":"https://www.gstatic.com/firebasejs/12.3.0/firebase-auth.js","auth/cordova":"https://www.gstatic.com/firebasejs/12.3.0/firebase-auth/cordova.js","auth/web-extension":"https://www.gstatic.com/firebasejs/12.3.0/firebase-auth/web-extension.js","functions":"https://www.gstatic.com/firebasejs/12.3.0/firebase-functions.js","firestore":"https://www.gstatic.com/firebasejs/12.3.0/firebase-firestore.js","firestore/lite":"https://www.gstatic.com/firebasejs/12.3.0/firebase-firestore/lite.js","installations":"https://www.gstatic.com/firebasejs/12.3.0/firebase-installations.js","storage":"https://www.gstatic.com/firebasejs/12.3.0/firebase-storage.js","performance":"https://www.gstatic.com/firebasejs/12.3.0/firebase-performance.js","remote-config":"https://www.gstatic.com/firebasejs/12.3.0/firebase-remote-config.js","messaging":"https://www.gstatic.com/firebasejs/12.3.0/firebase-messaging.js","messaging/sw":"https://www.gstatic.com/firebasejs/12.3.0/firebase-messaging/sw.js","database":"https://www.gstatic.com/firebasejs/12.3.0/firebase-database.js","data-connect":"https://www.gstatic.com/firebasejs/12.3.0/firebase-data-connect.js","firestore.memory":"https://www.gstatic.com/firebasejs/12.3.0/firebase-firestore.memory.js"}}
[info] +  Wrote public/index.html 
[info] 
[info] i  Detected a .git folder at C:\Users\dmqp2 
[info] i  Authorizing with GitHub to upload your service account to a GitHub repository's secrets store. 
[info] 
[info] Visit this URL on this device to log in:
[info] https://github.com/login/oauth/authorize?client_id=89cf50f02ac6aaed3484&state=935129133&redirect_uri=http%3A%2F%2Flocalhost%3A9005&scope=read%3Auser%20repo%20public_repo
[info] 
[info] Waiting for authentication...
[debug] [2025-09-22T14:05:24.881Z] >>> [apiv2][query] POST https://github.com/login/oauth/access_token [none]
[debug] [2025-09-22T14:05:24.881Z] >>> [apiv2][body] POST https://github.com/login/oauth/access_token [stream]
[debug] [2025-09-22T14:05:25.613Z] <<< [apiv2][status] POST https://github.com/login/oauth/access_token 200
[debug] [2025-09-22T14:05:25.613Z] <<< [apiv2][body] POST https://github.com/login/oauth/access_token {"access_token":"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","token_type":"bearer","scope":"read:user,repo"}
[debug] [2025-09-22T14:05:25.619Z] >>> [apiv2][query] GET https://api.github.com/user [none]
[debug] [2025-09-22T14:05:26.436Z] <<< [apiv2][status] GET https://api.github.com/user 200
[debug] [2025-09-22T14:05:26.436Z] <<< [apiv2][body] GET https://api.github.com/user {"login":"CuentaPalVictor","id":232427798,"node_id":"U_kgDODdqRFg","avatar_url":"https://avatars.githubusercontent.com/u/232427798?v=4","gravatar_id":"","url":"https://api.github.com/users/CuentaPalVictor","html_url":"https://github.com/CuentaPalVictor","followers_url":"https://api.github.com/users/CuentaPalVictor/followers","following_url":"https://api.github.com/users/CuentaPalVictor/following{/other_user}","gists_url":"https://api.github.com/users/CuentaPalVictor/gists{/gist_id}","starred_url":"https://api.github.com/users/CuentaPalVictor/starred{/owner}{/repo}","subscriptions_url":"https://api.github.com/users/CuentaPalVictor/subscriptions","organizations_url":"https://api.github.com/users/CuentaPalVictor/orgs","repos_url":"https://api.github.com/users/CuentaPalVictor/repos","events_url":"https://api.github.com/users/CuentaPalVictor/events{/privacy}","received_events_url":"https://api.github.com/users/CuentaPalVictor/received_events","type":"User","user_view_type":"private","site_admin":false,"name":null,"company":null,"blog":"","location":null,"email":null,"hireable":null,"bio":null,"twitter_username":null,"notification_email":null,"public_repos":2,"public_gists":0,"followers":0,"following":0,"created_at":"2025-09-15T17:24:58Z","updated_at":"2025-09-20T03:43:03Z","private_gists":0,"total_private_repos":0,"owned_private_repos":0,"disk_usage":189,"collaborators":0,"two_factor_authentication":false,"plan":{"name":"free","space":976562499,"collaborators":0,"private_repos":10000}}
[info] 
[info] +  Success! Logged into GitHub as CuentaPalVictor 
[info] 
[debug] [2025-09-22T14:05:29.990Z] >>> [apiv2][query] GET https://api.github.com/repos//actions/secrets/public-key type=owner
[debug] [2025-09-22T14:05:30.081Z] <<< [apiv2][status] GET https://api.github.com/repos//actions/secrets/public-key 404
[debug] [2025-09-22T14:05:30.081Z] <<< [apiv2][body] GET https://api.github.com/repos//actions/secrets/public-key {"message":"Not Found","documentation_url":"https://docs.github.com/rest","status":"404"}
[info] 
[info] 
[error] !  The provided authorization cannot be used with this repository. If this repository is in an organization, did you remember to grant access? 
[info] 
[info] i  Action required: Visit this URL to ensure access has been granted to the appropriate organization(s) for the Firebase CLI GitHub OAuth App: 
[info] https://github.com/settings/connections/applications/89cf50f02ac6aaed3484
[info] 
